{"level":"info","message":"[Manager] Launched shard 0","service":"pollbot","timestamp":"2025-12-23 21:45:22"}
{"level":"info","message":"[BrowserPool] Launching Chromium...","service":"pollbot","timestamp":"2025-12-23 21:45:24"}
{"level":"info","message":"Loaded command poll","service":"pollbot","timestamp":"2025-12-23 21:45:24"}
{"level":"info","message":"[BrowserPool] Browser warmed up.","service":"pollbot","timestamp":"2025-12-23 21:45:24"}
{"level":"info","message":"[Manager] Launched shard 0","service":"pollbot","timestamp":"2025-12-23 22:04:56"}
{"level":"info","message":"[BrowserPool] Launching Chromium...","service":"pollbot","timestamp":"2025-12-23 22:04:57"}
{"level":"info","message":"Loaded command poll","service":"pollbot","timestamp":"2025-12-23 22:04:57"}
{"level":"info","message":"[BrowserPool] Browser warmed up.","service":"pollbot","timestamp":"2025-12-23 22:04:57"}
{"level":"info","message":"[BrowserPool] Launching Chromium...","service":"pollbot","timestamp":"2025-12-23 22:05:28"}
{"level":"info","message":"[BrowserPool] Browser warmed up.","service":"pollbot","timestamp":"2025-12-23 22:05:28"}
{"level":"info","message":"[BrowserPool] Launching Chromium...","service":"pollbot","timestamp":"2025-12-23 22:05:41"}
{"level":"info","message":"[BrowserPool] Browser warmed up.","service":"pollbot","timestamp":"2025-12-23 22:05:41"}
{"level":"info","message":"[Manager] Launched shard 0","service":"pollbot","timestamp":"2025-12-23 22:05:48"}
{"level":"info","message":"[BrowserPool] Launching Chromium...","service":"pollbot","timestamp":"2025-12-23 22:05:49"}
{"level":"info","message":"Loaded command poll","service":"pollbot","timestamp":"2025-12-23 22:05:49"}
{"level":"info","message":"[BrowserPool] Browser warmed up.","service":"pollbot","timestamp":"2025-12-23 22:05:49"}
{"level":"info","message":"[Manager] Launched shard 0","service":"pollbot","timestamp":"2025-12-23 22:07:28"}
{"level":"info","message":"[BrowserPool] Launching Chromium...","service":"pollbot","timestamp":"2025-12-23 22:07:29"}
{"level":"info","message":"Loaded command poll","service":"pollbot","timestamp":"2025-12-23 22:07:29"}
{"level":"info","message":"[BrowserPool] Browser warmed up.","service":"pollbot","timestamp":"2025-12-23 22:07:29"}
{"level":"info","message":"[BrowserPool] Launching Chromium...","service":"pollbot","timestamp":"2025-12-23 22:15:44"}
{"level":"info","message":"[BrowserPool] Browser warmed up.","service":"pollbot","timestamp":"2025-12-23 22:15:44"}
{"level":"info","message":"[Manager] Launched shard 0","service":"pollbot","timestamp":"2025-12-23 22:17:02"}
{"level":"info","message":"[BrowserPool] Launching Chromium...","service":"pollbot","timestamp":"2025-12-23 22:17:03"}
{"level":"info","message":"Loaded command close","service":"pollbot","timestamp":"2025-12-23 22:17:03"}
{"level":"info","message":"Loaded command config","service":"pollbot","timestamp":"2025-12-23 22:17:03"}
{"level":"info","message":"Loaded command poll","service":"pollbot","timestamp":"2025-12-23 22:17:03"}
{"level":"info","message":"Loaded command reopen","service":"pollbot","timestamp":"2025-12-23 22:17:03"}
{"level":"info","message":"[BrowserPool] Browser warmed up.","service":"pollbot","timestamp":"2025-12-23 22:17:04"}
